<?xml version="1.0" encoding="UTF-8"?>
<testsuite name="com.quantitymeasurement.QuantityMeasurementTest" tests="1" skipped="0" failures="0" errors="0" timestamp="2020-07-15T23:59:55" hostname="LAPTOP-GT6OG951" time="0.002">
  <properties/>
  <testcase name="givenOneTonneAndThousandGm_WhenAdded_ShouldEqualTo1001Kg" classname="com.quantitymeasurement.QuantityMeasurementTest" time="0.002"/>
  <system-out><![CDATA[]]></system-out>
  <system-err><![CDATA[]]></system-err>
</testsuite>
