<?xml version="1.0" encoding="UTF-8"?>
<testsuite name="com.quantitymeasurement.QuantityMeasurementTest" tests="1" skipped="0" failures="0" errors="0" timestamp="2020-07-13T17:10:02" hostname="LAPTOP-GT6OG951" time="0.003">
  <properties/>
  <testcase name="givenSameUnit_ShouldReturnTrue2" classname="com.quantitymeasurement.QuantityMeasurementTest" time="0.003"/>
  <system-out><![CDATA[]]></system-out>
  <system-err><![CDATA[]]></system-err>
</testsuite>
