<?xml version="1.0" encoding="UTF-8"?>
<testsuite name="com.quantitymeasurement.QuantityMeasurementTest" tests="24" skipped="0" failures="0" errors="0" timestamp="2020-07-15T22:44:23" hostname="LAPTOP-GT6OG951" time="0.017">
  <properties/>
  <testcase name="givenOneInchAndTwoPointFiveCm_WhenAdded_ShouldReturnEquals" classname="com.quantitymeasurement.QuantityMeasurementTest" time="0.002"/>
  <testcase name="givenValueOfInchAndYard_WhenSameAfterConverting_ShouldBeEqualAfterConverting" classname="com.quantitymeasurement.QuantityMeasurementTest" time="0.001"/>
  <testcase name="givenSameInch_ShouldBeEqual" classname="com.quantitymeasurement.QuantityMeasurementTest" time="0.0"/>
  <testcase name="givenOneFEETAndOneFeet_WhenAdded_ShouldReturnEquals" classname="com.quantitymeasurement.QuantityMeasurementTest" time="0.0"/>
  <testcase name="givenOneFeetAndOneYard_WhenEqual_ShouldReturnFalse" classname="com.quantitymeasurement.QuantityMeasurementTest" time="0.0"/>
  <testcase name="givenFeetAndYard_ShouldBeEqual" classname="com.quantitymeasurement.QuantityMeasurementTest" time="0.0"/>
  <testcase name="givenTwoInchAndTwoInch_WhenAdded_ShouldReturnEquals" classname="com.quantitymeasurement.QuantityMeasurementTest" time="0.0"/>
  <testcase name="givenDifferentTypeOfClass_ShouldNotEqual" classname="com.quantitymeasurement.QuantityMeasurementTest" time="0.0"/>
  <testcase name="givenValueOfInchAndYard2_ShouldBeEqualAfterConverting" classname="com.quantitymeasurement.QuantityMeasurementTest" time="0.0"/>
  <testcase name="givenEqualCentimeter_ShouldBeEqual" classname="com.quantitymeasurement.QuantityMeasurementTest" time="0.0"/>
  <testcase name="givenSameType_WhenSameType_ShouldNotEqual" classname="com.quantitymeasurement.QuantityMeasurementTest" time="0.0"/>
  <testcase name="givenDifferentValueOfSameUnit_WhenNotEqual_ShouldNotEqual" classname="com.quantitymeasurement.QuantityMeasurementTest" time="0.0"/>
  <testcase name="givenDifferentReferences_WhenNotEqual_ShouldCompareReference" classname="com.quantitymeasurement.QuantityMeasurementTest" time="0.001"/>
  <testcase name="givenNullValue_ShouldThrowException" classname="com.quantitymeasurement.QuantityMeasurementTest" time="0.004"/>
  <testcase name="givenOneFEETAndTwoInch_WhenAdded_ShouldReturnEquals" classname="com.quantitymeasurement.QuantityMeasurementTest" time="0.0"/>
  <testcase name="givenNullValue_ShouldThrowQuantityMeasurementException" classname="com.quantitymeasurement.QuantityMeasurementTest" time="0.0"/>
  <testcase name="givenNullValueForCentimeter_ShouldThrowQuantityMeasurementException" classname="com.quantitymeasurement.QuantityMeasurementTest" time="0.0"/>
  <testcase name="givenSameInchReference_ShouldBeEqual" classname="com.quantitymeasurement.QuantityMeasurementTest" time="0.0"/>
  <testcase name="givenDifferentTypeForInch_ShouldNotEqual" classname="com.quantitymeasurement.QuantityMeasurementTest" time="0.0"/>
  <testcase name="givenSameUnit_WhenEqual_ShouldReturnTrue" classname="com.quantitymeasurement.QuantityMeasurementTest" time="0.0"/>
  <testcase name="givenThreeFeetAndOneYard_WhenEqual_ShouldReturnTrue" classname="com.quantitymeasurement.QuantityMeasurementTest" time="0.0"/>
  <testcase name="givenTwoInchAndFiveCentimeter_ShouldBeEqual" classname="com.quantitymeasurement.QuantityMeasurementTest" time="0.0"/>
  <testcase name="givenZeroInchAndOneYard_WhenNotEqual_ShouldNotBeEqual" classname="com.quantitymeasurement.QuantityMeasurementTest" time="0.0"/>
  <testcase name="givenZeroInch_WhenEqual_ShouldBeEqual" classname="com.quantitymeasurement.QuantityMeasurementTest" time="0.0"/>
  <system-out><![CDATA[Null value
Null value
Null value
]]></system-out>
  <system-err><![CDATA[]]></system-err>
</testsuite>
