<?xml version="1.0" encoding="UTF-8"?>
<testsuite name="com.quantitymeasurement.QuantityMeasurementTest" tests="1" skipped="0" failures="0" errors="0" timestamp="2020-07-13T17:35:11" hostname="LAPTOP-GT6OG951" time="0.001">
  <properties/>
  <testcase name="givenDifferentValueOfSameUnit_ShouldNotEqual" classname="com.quantitymeasurement.QuantityMeasurementTest" time="0.001"/>
  <system-out><![CDATA[]]></system-out>
  <system-err><![CDATA[]]></system-err>
</testsuite>
