<?xml version="1.0" encoding="UTF-8"?>
<testsuite name="com.quantitymeasurement.QuantityMeasurementTest" tests="1" skipped="0" failures="0" errors="0" timestamp="2020-07-16T17:28:57" hostname="LAPTOP-GT6OG951" time="0.004">
  <properties/>
  <testcase name="givenOneTonne2_WhenNotEqualToThousandKg_ShouldReturnFalse" classname="com.quantitymeasurement.QuantityMeasurementTest" time="0.004"/>
  <system-out><![CDATA[Values are not compatible
]]></system-out>
  <system-err><![CDATA[]]></system-err>
</testsuite>
