<?xml version="1.0" encoding="UTF-8"?>
<testsuite name="com.quantitymeasurement.QuantityMeasurementTest" tests="1" skipped="0" failures="0" errors="0" timestamp="2020-07-14T20:04:09" hostname="LAPTOP-GT6OG951" time="0.004">
  <properties/>
  <testcase name="givenSameInch_ShouldBeEqual" classname="com.quantitymeasurement.QuantityMeasurementTest" time="0.004"/>
  <system-out><![CDATA[]]></system-out>
  <system-err><![CDATA[]]></system-err>
</testsuite>
